2025-03-26 05:38:58,772 - SecureHospitalAPI - ERROR - Secret decryption failed: 'SecureHospitalAPI' object has no attribute 'cipher_suite'
2025-03-26 05:41:51,375 - SecureHospitalAPI - ERROR - API istemcisi baþlatýlamadý: Fernet key must be 32 url-safe base64-encoded bytes.
2025-03-26 05:41:55,084 - SecureHospitalAPI - INFO - API client securely terminated
2025-03-26 05:42:14,984 - SecureHospitalAPI - ERROR - API istemcisi baþlatýlamadý: Fernet key must be 32 url-safe base64-encoded bytes.
2025-03-26 05:42:18,040 - SecureHospitalAPI - INFO - API client securely terminated
2025-03-26 05:42:32,913 - SecureHospitalAPI - ERROR - API istemcisi baþlatýlamadý: Fernet key must be 32 url-safe base64-encoded bytes.
2025-03-26 05:42:36,399 - SecureHospitalAPI - INFO - API client securely terminated
2025-03-26 05:42:51,680 - SecureHospitalAPI - ERROR - API istemcisi baþlatýlamadý: Fernet key must be 32 url-safe base64-encoded bytes.
2025-03-26 05:42:53,042 - SecureHospitalAPI - INFO - API client securely terminated
2025-03-26 05:43:02,981 - SecureHospitalAPI - ERROR - API istemcisi baþlatýlamadý: Fernet key must be 32 url-safe base64-encoded bytes.
2025-03-26 05:43:04,119 - SecureHospitalAPI - INFO - API client securely terminated
2025-03-26 05:43:41,403 - SecureHospitalAPI - ERROR - API istemcisi baþlatýlamadý: Fernet key must be 32 url-safe base64-encoded bytes.
2025-03-26 05:43:44,289 - SecureHospitalAPI - INFO - API client securely terminated
2025-03-26 05:44:09,497 - SecureHospitalAPI - ERROR - API istemcisi baþlatýlamadý: Fernet key must be 32 url-safe base64-encoded bytes.
2025-03-26 05:44:10,801 - SecureHospitalAPI - INFO - API client securely terminated
2025-03-26 05:58:02,457 - SecureHospitalAPI - ERROR - Secret decryption failed: 
2025-03-26 05:58:02,457 - SecureHospitalAPI - ERROR - API istemcisi baþlatýlamadý: Client secret decryption failed
2025-03-26 05:58:07,441 - SecureHospitalAPI - INFO - API client securely terminated
2025-03-26 06:07:36,237 - SecureHospitalAPI - INFO - Authenticating with client_id: me...01
2025-03-26 06:07:36,319 - SecureHospitalAPI - ERROR - Authentication failed: HTTPSConnectionPool(host='api.demo-hastane.com', port=443): Max retries exceeded with url: /v1/oauth2/token (Caused by NameResolutionError("<urllib3.connection.HTTPSConnection object at 0x0000023621829700>: Failed to resolve 'api.demo-hastane.com' ([Errno 11001] getaddrinfo failed)"))
2025-03-26 06:07:36,319 - SecureHospitalAPI - ERROR - API istemcisi baþlatýlamadý: Kimlik doðrulama baþarýsýz
2025-03-26 06:07:39,003 - SecureHospitalAPI - INFO - API client securely terminated
2025-03-26 06:23:52,583 - SecureHospitalAPI - ERROR - Secret decryption failed: 
2025-03-26 06:23:52,583 - SecureHospitalAPI - ERROR - API istemcisi baþlatýlamadý: Client secret decryption failed
2025-03-26 06:23:54,730 - SecureHospitalAPI - INFO - API client securely terminated
2025-03-26 15:15:15,209 - SecureHospitalAPI - ERROR - Secret decryption failed: 
2025-03-26 15:15:15,210 - SecureHospitalAPI - ERROR - API istemcisi baþlatýlamadý: Client secret decryption failed
2025-03-26 15:15:22,172 - SecureHospitalAPI - INFO - API client securely terminated
